

================================================================
== Vitis HLS Report for 'ProcessProb'
================================================================
* Date:           Thu Jan 14 12:12:30 2021

* Version:        2020.2 (Build 3064766 on Wed Nov 18 09:12:47 MST 2020)
* Project:        Kmeans_HLS_2020
* Solution:       solution1 (Vivado IP Flow Target)
* Product family: zynquplus
* Target device:  xczu9eg-ffvb1156-2-e


================================================================
== Performance Estimates
================================================================
+ Timing: 
    * Summary: 
    +--------+---------+----------+------------+
    |  Clock |  Target | Estimated| Uncertainty|
    +--------+---------+----------+------------+
    |ap_clk  |  4.00 ns|  2.920 ns|     1.08 ns|
    +--------+---------+----------+------------+

+ Latency: 
    * Summary: 
    +---------+---------+----------+----------+------+------+---------+
    |  Latency (cycles) |  Latency (absolute) |   Interval  | Pipeline|
    |   min   |   max   |    min   |    max   |  min |  max |   Type  |
    +---------+---------+----------+----------+------+------+---------+
    |     1003|     1003|  4.012 us|  4.012 us|  1003|  1003|     none|
    +---------+---------+----------+----------+------+------+---------+

    + Detail: 
        * Instance: 
        +---------------------+-----------+---------+---------+----------+----------+------+------+---------+
        |                     |           |  Latency (cycles) |  Latency (absolute) |   Interval  | Pipeline|
        |       Instance      |   Module  |   min   |   max   |    min   |    max   |  min |  max |   Type  |
        +---------------------+-----------+---------+---------+----------+----------+------+------+---------+
        |grp_GetMax_fu_48     |GetMax     |     1002|     1002|  4.008 us|  4.008 us|  1002|  1002|     none|
        |grp_AccumProb_fu_56  |AccumProb  |     1002|     1002|  4.008 us|  4.008 us|  1002|  1002|     none|
        +---------------------+-----------+---------+---------+----------+----------+------+------+---------+

        * Loop: 
        N/A



================================================================
== Utilization Estimates
================================================================
* Summary: 
+-----------------+---------+------+--------+--------+-----+
|       Name      | BRAM_18K|  DSP |   FF   |   LUT  | URAM|
+-----------------+---------+------+--------+--------+-----+
|DSP              |        -|     -|       -|       -|    -|
|Expression       |        -|     -|       0|       4|    -|
|FIFO             |        -|     -|       -|       -|    -|
|Instance         |        -|     -|      32|     194|    -|
|Memory           |        -|     -|       -|       -|    -|
|Multiplexer      |        -|     -|       -|      78|    -|
|Register         |        -|     -|       6|       -|    -|
+-----------------+---------+------+--------+--------+-----+
|Total            |        0|     0|      38|     276|    0|
+-----------------+---------+------+--------+--------+-----+
|Available        |     1824|  2520|  548160|  274080|    0|
+-----------------+---------+------+--------+--------+-----+
|Utilization (%)  |        0|     0|      ~0|      ~0|    0|
+-----------------+---------+------+--------+--------+-----+

+ Detail: 
    * Instance: 
    +---------------------+-----------+---------+----+----+----+-----+
    |       Instance      |   Module  | BRAM_18K| DSP| FF | LUT| URAM|
    +---------------------+-----------+---------+----+----+----+-----+
    |grp_AccumProb_fu_56  |AccumProb  |        0|   0|  16|  97|    0|
    |grp_GetMax_fu_48     |GetMax     |        0|   0|  16|  97|    0|
    +---------------------+-----------+---------+----+----+----+-----+
    |Total                |           |        0|   0|  32| 194|    0|
    +---------------------+-----------+---------+----+----+----+-----+

    * DSP: 
    N/A

    * Memory: 
    N/A

    * FIFO: 
    N/A

    * Expression: 
    +---------------------------------+----------+----+---+----+------------+------------+
    |          Variable Name          | Operation| DSP| FF| LUT| Bitwidth P0| Bitwidth P1|
    +---------------------------------+----------+----+---+----+------------+------------+
    |ap_block_state1                  |        or|   0|  0|   2|           1|           1|
    |ap_block_state2_on_subcall_done  |        or|   0|  0|   2|           1|           1|
    +---------------------------------+----------+----+---+----+------------+------------+
    |Total                            |          |   0|  0|   4|           2|           2|
    +---------------------------------+----------+----+---+----+------------+------------+

    * Multiplexer: 
    +----------------+----+-----------+------+-----------+
    |      Name      | LUT| Input Size| Bits | Total Bits|
    +----------------+----+-----------+------+-----------+
    |ap_NS_fsm       |  14|          3|     1|          3|
    |ap_done         |   9|          2|     1|          2|
    |func_blk_n      |   9|          2|     1|          2|
    |func_out_blk_n  |   9|          2|     1|          2|
    |probs_read      |  14|          3|     1|          3|
    |resp_din        |   9|          2|  2048|       4096|
    |resp_write      |  14|          3|     1|          3|
    +----------------+----+-----------+------+-----------+
    |Total           |  78|         17|  2054|       4111|
    +----------------+----+-----------+------+-----------+

    * Register: 
    +----------------------------------+---+----+-----+-----------+
    |               Name               | FF| LUT| Bits| Const Bits|
    +----------------------------------+---+----+-----+-----------+
    |ap_CS_fsm                         |  2|   0|    2|          0|
    |ap_done_reg                       |  1|   0|    1|          0|
    |func_read_reg_64                  |  1|   0|    1|          0|
    |grp_AccumProb_fu_56_ap_start_reg  |  1|   0|    1|          0|
    |grp_GetMax_fu_48_ap_start_reg     |  1|   0|    1|          0|
    +----------------------------------+---+----+-----+-----------+
    |Total                             |  6|   0|    6|          0|
    +----------------------------------+---+----+-----+-----------+



================================================================
== Interface
================================================================
* Summary: 
+-----------------+-----+------+------------+--------------+--------------+
|    RTL Ports    | Dir | Bits |  Protocol  | Source Object|    C Type    |
+-----------------+-----+------+------------+--------------+--------------+
|ap_clk           |   in|     1|  ap_ctrl_hs|   ProcessProb|  return value|
|ap_rst           |   in|     1|  ap_ctrl_hs|   ProcessProb|  return value|
|ap_start         |   in|     1|  ap_ctrl_hs|   ProcessProb|  return value|
|ap_done          |  out|     1|  ap_ctrl_hs|   ProcessProb|  return value|
|ap_continue      |   in|     1|  ap_ctrl_hs|   ProcessProb|  return value|
|ap_idle          |  out|     1|  ap_ctrl_hs|   ProcessProb|  return value|
|ap_ready         |  out|     1|  ap_ctrl_hs|   ProcessProb|  return value|
|probs_dout       |   in|  2048|     ap_fifo|         probs|       pointer|
|probs_empty_n    |   in|     1|     ap_fifo|         probs|       pointer|
|probs_read       |  out|     1|     ap_fifo|         probs|       pointer|
|resp_din         |  out|  2048|     ap_fifo|          resp|       pointer|
|resp_full_n      |   in|     1|     ap_fifo|          resp|       pointer|
|resp_write       |  out|     1|     ap_fifo|          resp|       pointer|
|func_dout        |   in|     1|     ap_fifo|          func|       pointer|
|func_empty_n     |   in|     1|     ap_fifo|          func|       pointer|
|func_read        |  out|     1|     ap_fifo|          func|       pointer|
|func_out_din     |  out|     1|     ap_fifo|      func_out|       pointer|
|func_out_full_n  |   in|     1|     ap_fifo|      func_out|       pointer|
|func_out_write   |  out|     1|     ap_fifo|      func_out|       pointer|
+-----------------+-----+------+------------+--------------+--------------+

